0 info it worked if it ends with ok
1 verbose cli [ 'D:\\node\\node.exe',
1 verbose cli   'D:\\node\\node_modules\\npm\\bin\\npm-cli.js',
1 verbose cli   'run',
1 verbose cli   'start' ]
2 info using npm@3.10.10
3 info using node@v6.10.1
4 verbose run-script [ 'prestart', 'start', 'poststart' ]
5 info lifecycle demoApp@0.0.0~prestart: demoApp@0.0.0
6 silly lifecycle demoApp@0.0.0~prestart: no script for prestart, continuing
7 info lifecycle demoApp@0.0.0~start: demoApp@0.0.0
8 verbose lifecycle demoApp@0.0.0~start: unsafe-perm in lifecycle true
9 verbose lifecycle demoApp@0.0.0~start: PATH: D:\node\node_modules\npm\bin\node-gyp-bin;D:\nodewebpack\demoApp\demoApp\node_modules\.bin;C:\Program Files (x86)\Intel\iCLS Client\;C:\Program Files\Intel\iCLS Client\;C:\WINDOWS\system32;C:\WINDOWS;C:\WINDOWS\System32\Wbem;C:\WINDOWS\System32\WindowsPowerShell\v1.0\;C:\Program Files (x86)\Intel\Intel(R) Management Engine Components\DAL;C:\Program Files\Intel\Intel(R) Management Engine Components\DAL;C:\Program Files (x86)\Intel\Intel(R) Management Engine Components\IPT;C:\Program Files\Intel\Intel(R) Management Engine Components\IPT;D:\node\;D:\git\Git\cmd;C:\Users\fuxia\AppData\Local\Microsoft\WindowsApps;C:\Users\fuxia\AppData\Roaming\npm
10 verbose lifecycle demoApp@0.0.0~start: CWD: D:\nodewebpack\demoApp\demoApp
11 silly lifecycle demoApp@0.0.0~start: Args: [ '/d /s /c', 'node ./bin/www' ]
12 verbose stack Error: kill ENOSYS
12 verbose stack     at exports._errnoException (util.js:1018:11)
12 verbose stack     at process.kill (internal/process.js:190:13)
12 verbose stack     at process.listener (D:\node\node_modules\npm\node_modules\npmlog\node_modules\gauge\node_modules\signal-exit\index.js:86:15)
12 verbose stack     at emitNone (events.js:91:20)
12 verbose stack     at process.emit (events.js:185:7)
12 verbose stack     at processEmit (D:\node\node_modules\npm\node_modules\npmlog\node_modules\gauge\node_modules\signal-exit\index.js:146:32)
12 verbose stack     at processEmit (D:\node\node_modules\npm\node_modules\npm-registry-client\node_modules\npmlog\node_modules\gauge\node_modules\signal-exit\index.js:146:32)
12 verbose stack     at Signal.wrap.onsignal (internal/process.js:217:44)
13 verbose cwd D:\nodewebpack\demoApp\demoApp
14 error Windows_NT 10.0.14393
15 error argv "D:\\node\\node.exe" "D:\\node\\node_modules\\npm\\bin\\npm-cli.js" "run" "start"
16 error node v6.10.1
17 error npm  v3.10.10
18 error code ENOSYS
19 error errno ENOSYS
20 error syscall kill
21 error kill ENOSYS
22 error If you need help, you may report this error at:
22 error     <https://github.com/npm/npm/issues>
23 verbose exit [ 1, true ]
